================================================================================
机器人控制系统错误日志
启动时间: 2025-11-14 18:35:38
================================================================================

[2025-11-14 18:35:38] [INFO] 系统: 机器人控制系统启动
--------------------------------------------------------------------------------
[2025-11-14 18:35:40] [INFO] 存储管理器: 存储状态已重置为默认值
--------------------------------------------------------------------------------
[2025-11-14 18:35:40] [INFO] 存储管理器: 存储状态已保存到: storage_state.json
--------------------------------------------------------------------------------
[2025-11-14 18:35:40] [INFO] 存储管理器: 存储状态已重置并保存
--------------------------------------------------------------------------------
[2025-11-14 18:35:40] [INFO] 系统: 暂存区状态已重置
--------------------------------------------------------------------------------
[2025-11-14 18:35:45] [INFO] Robot A: 连接成功 - 172.16.8.119:9091
--------------------------------------------------------------------------------
[2025-11-14 18:35:45] [INFO] 系统: 启动测试模式
--------------------------------------------------------------------------------
[2025-11-14 18:35:45] [INFO] 命令处理器: 命令处理器初始化完成
--------------------------------------------------------------------------------
[2025-11-14 18:35:45] [INFO] 系统: 命令处理器初始化完成
--------------------------------------------------------------------------------
[2025-11-14 18:35:45] [INFO] HTTP服务器: 命令回调函数已设置
--------------------------------------------------------------------------------
[2025-11-14 18:35:45] [INFO] HTTP服务器: 开始监听HTTP请求...
--------------------------------------------------------------------------------
[2025-11-14 18:35:45] [INFO] HTTP服务器: HTTP服务器启动成功: 0.0.0.0:8090
--------------------------------------------------------------------------------
[2025-11-14 18:35:45] [INFO] 命令处理器: 收到命令: SCAN_QRCODE (ID: OP_SCAN_001)
--------------------------------------------------------------------------------
[2025-11-14 18:35:45] [INFO] 命令处理器: 开始执行SCAN_QRCODE
--------------------------------------------------------------------------------
[2025-11-14 18:37:47] [ERROR] Robot A: 操作异常 - 发送请求
异常详情:
Traceback (most recent call last):
  File "/home/zhangziwei/Code/robot_connect/robot_controller.py", line 286, in send_service_request
    result = future.result(maxtime)
  File "/home/zhangziwei/anaconda3/envs/robot_connect/lib/python3.9/concurrent/futures/_base.py", line 448, in result
    raise TimeoutError()
concurrent.futures._base.TimeoutError

--------------------------------------------------------------------------------
[2025-11-14 18:37:50] [ERROR] Robot A: 操作异常 - TCP连接
异常详情:
Traceback (most recent call last):
  File "/home/zhangziwei/Code/robot_connect/robot_controller.py", line 141, in _async_connect
    tcp_socket.connect((self.host, int(self.port)))
OSError: [Errno 113] No route to host

--------------------------------------------------------------------------------
[2025-11-14 18:38:04] [ERROR] Robot A: 操作异常 - TCP连接
异常详情:
Traceback (most recent call last):
  File "/home/zhangziwei/Code/robot_connect/robot_controller.py", line 141, in _async_connect
    tcp_socket.connect((self.host, int(self.port)))
OSError: [Errno 113] No route to host

--------------------------------------------------------------------------------
[2025-11-14 18:38:20] [ERROR] Robot A: 操作异常 - TCP连接
异常详情:
Traceback (most recent call last):
  File "/home/zhangziwei/Code/robot_connect/robot_controller.py", line 141, in _async_connect
    tcp_socket.connect((self.host, int(self.port)))
OSError: [Errno 113] No route to host

--------------------------------------------------------------------------------
[2025-11-14 18:38:25] [ERROR] 命令处理器: 操作异常 - 处理命令SCAN_QRCODE
异常详情:
Traceback (most recent call last):
  File "/home/zhangziwei/Code/robot_connect/robot_controller.py", line 286, in send_service_request
    result = future.result(maxtime)
  File "/home/zhangziwei/anaconda3/envs/robot_connect/lib/python3.9/concurrent/futures/_base.py", line 448, in result
    raise TimeoutError()
concurrent.futures._base.TimeoutError

During handling of the above exception, another exception occurred:

Traceback (most recent call last):
  File "/home/zhangziwei/Code/robot_connect/robot_controller.py", line 306, in send_service_request
    reconnect_result = self.connect()
  File "/home/zhangziwei/Code/robot_connect/robot_controller.py", line 90, in connect
    time.sleep(0.1)
KeyboardInterrupt

During handling of the above exception, another exception occurred:

Traceback (most recent call last):
  File "/home/zhangziwei/Code/robot_connect/cmd_handler.py", line 66, in handle_command
    result = handler(cmd_data)
  File "/home/zhangziwei/Code/robot_connect/cmd_handler.py", line 371, in handle_scan_qrcode
    navigation_to_pose_result = self.robot_a.send_service_request(
  File "/home/zhangziwei/Code/robot_connect/robot_controller.py", line 314, in send_service_request
    return False
RuntimeError: release unlocked lock

--------------------------------------------------------------------------------
[2025-11-14 18:38:25] [INFO] 系统: SCAN_QRCODE测试完成 - 结果: False
--------------------------------------------------------------------------------
[2025-11-14 18:38:25] [INFO] HTTP服务器: 正在停止HTTP服务器...
--------------------------------------------------------------------------------
[2025-11-14 18:38:26] [INFO] HTTP服务器: HTTP服务器已停止
--------------------------------------------------------------------------------
[2025-11-14 18:38:26] [INFO] 系统: 开始清理资源
--------------------------------------------------------------------------------
[2025-11-14 18:38:26] [INFO] 系统: 暂存区状态已保存
--------------------------------------------------------------------------------
