================================================================================
机器人控制系统错误日志
启动时间: 2025-11-12 16:31:42
================================================================================

[2025-11-12 16:31:42] [INFO] 系统: 机器人控制系统启动
--------------------------------------------------------------------------------
[2025-11-12 16:31:43] [INFO] 存储管理器: 存储状态已重置为默认值
--------------------------------------------------------------------------------
[2025-11-12 16:31:43] [INFO] 存储管理器: 存储状态已保存到: storage_state.json
--------------------------------------------------------------------------------
[2025-11-12 16:31:43] [INFO] 存储管理器: 存储状态已重置并保存
--------------------------------------------------------------------------------
[2025-11-12 16:31:43] [INFO] 系统: 暂存区状态已重置
--------------------------------------------------------------------------------
[2025-11-12 16:31:47] [ERROR] Robot A: 操作异常 - WebSocket连接
异常详情:
Traceback (most recent call last):
  File "/home/zhangziwei/Code/robot_connect/robot_controller.py", line 179, in _async_connect
    self.websocket = await websockets.connect(
  File "/home/zhangziwei/anaconda3/envs/robot_connect/lib/python3.9/site-packages/websockets/asyncio/client.py", line 543, in __await_impl__
    await self.connection.handshake(
  File "/home/zhangziwei/anaconda3/envs/robot_connect/lib/python3.9/site-packages/websockets/asyncio/client.py", line 114, in handshake
    raise self.protocol.handshake_exc
  File "/home/zhangziwei/anaconda3/envs/robot_connect/lib/python3.9/site-packages/websockets/client.py", line 325, in parse
    self.process_response(response)
  File "/home/zhangziwei/anaconda3/envs/robot_connect/lib/python3.9/site-packages/websockets/client.py", line 142, in process_response
    raise InvalidStatus(response)
websockets.exceptions.InvalidStatus: server rejected WebSocket connection: HTTP 200

During handling of the above exception, another exception occurred:

Traceback (most recent call last):
  File "/home/zhangziwei/Code/robot_connect/robot_controller.py", line 189, in _async_connect
    self.websocket = await websockets.connect(
  File "/home/zhangziwei/anaconda3/envs/robot_connect/lib/python3.9/site-packages/websockets/asyncio/client.py", line 543, in __await_impl__
    await self.connection.handshake(
  File "/home/zhangziwei/anaconda3/envs/robot_connect/lib/python3.9/site-packages/websockets/asyncio/client.py", line 114, in handshake
    raise self.protocol.handshake_exc
  File "/home/zhangziwei/anaconda3/envs/robot_connect/lib/python3.9/site-packages/websockets/client.py", line 325, in parse
    self.process_response(response)
  File "/home/zhangziwei/anaconda3/envs/robot_connect/lib/python3.9/site-packages/websockets/client.py", line 142, in process_response
    raise InvalidStatus(response)
websockets.exceptions.InvalidStatus: server rejected WebSocket connection: HTTP 200

--------------------------------------------------------------------------------
[2025-11-12 16:32:01] [ERROR] Robot A: 操作异常 - WebSocket连接
异常详情:
Traceback (most recent call last):
  File "/home/zhangziwei/Code/robot_connect/robot_controller.py", line 179, in _async_connect
    self.websocket = await websockets.connect(
  File "/home/zhangziwei/anaconda3/envs/robot_connect/lib/python3.9/site-packages/websockets/asyncio/client.py", line 543, in __await_impl__
    await self.connection.handshake(
  File "/home/zhangziwei/anaconda3/envs/robot_connect/lib/python3.9/site-packages/websockets/asyncio/client.py", line 114, in handshake
    raise self.protocol.handshake_exc
  File "/home/zhangziwei/anaconda3/envs/robot_connect/lib/python3.9/site-packages/websockets/client.py", line 325, in parse
    self.process_response(response)
  File "/home/zhangziwei/anaconda3/envs/robot_connect/lib/python3.9/site-packages/websockets/client.py", line 142, in process_response
    raise InvalidStatus(response)
websockets.exceptions.InvalidStatus: server rejected WebSocket connection: HTTP 200

During handling of the above exception, another exception occurred:

Traceback (most recent call last):
  File "/home/zhangziwei/Code/robot_connect/robot_controller.py", line 189, in _async_connect
    self.websocket = await websockets.connect(
  File "/home/zhangziwei/anaconda3/envs/robot_connect/lib/python3.9/site-packages/websockets/asyncio/client.py", line 543, in __await_impl__
    await self.connection.handshake(
  File "/home/zhangziwei/anaconda3/envs/robot_connect/lib/python3.9/site-packages/websockets/asyncio/client.py", line 114, in handshake
    raise self.protocol.handshake_exc
  File "/home/zhangziwei/anaconda3/envs/robot_connect/lib/python3.9/site-packages/websockets/client.py", line 325, in parse
    self.process_response(response)
  File "/home/zhangziwei/anaconda3/envs/robot_connect/lib/python3.9/site-packages/websockets/client.py", line 142, in process_response
    raise InvalidStatus(response)
websockets.exceptions.InvalidStatus: server rejected WebSocket connection: HTTP 200

--------------------------------------------------------------------------------
[2025-11-12 16:32:16] [ERROR] Robot A: 操作异常 - WebSocket连接
异常详情:
Traceback (most recent call last):
  File "/home/zhangziwei/Code/robot_connect/robot_controller.py", line 179, in _async_connect
    self.websocket = await websockets.connect(
  File "/home/zhangziwei/anaconda3/envs/robot_connect/lib/python3.9/site-packages/websockets/asyncio/client.py", line 543, in __await_impl__
    await self.connection.handshake(
  File "/home/zhangziwei/anaconda3/envs/robot_connect/lib/python3.9/site-packages/websockets/asyncio/client.py", line 114, in handshake
    raise self.protocol.handshake_exc
  File "/home/zhangziwei/anaconda3/envs/robot_connect/lib/python3.9/site-packages/websockets/client.py", line 325, in parse
    self.process_response(response)
  File "/home/zhangziwei/anaconda3/envs/robot_connect/lib/python3.9/site-packages/websockets/client.py", line 142, in process_response
    raise InvalidStatus(response)
websockets.exceptions.InvalidStatus: server rejected WebSocket connection: HTTP 200

During handling of the above exception, another exception occurred:

Traceback (most recent call last):
  File "/home/zhangziwei/Code/robot_connect/robot_controller.py", line 189, in _async_connect
    self.websocket = await websockets.connect(
  File "/home/zhangziwei/anaconda3/envs/robot_connect/lib/python3.9/site-packages/websockets/asyncio/client.py", line 543, in __await_impl__
    await self.connection.handshake(
  File "/home/zhangziwei/anaconda3/envs/robot_connect/lib/python3.9/site-packages/websockets/asyncio/client.py", line 114, in handshake
    raise self.protocol.handshake_exc
  File "/home/zhangziwei/anaconda3/envs/robot_connect/lib/python3.9/site-packages/websockets/client.py", line 325, in parse
    self.process_response(response)
  File "/home/zhangziwei/anaconda3/envs/robot_connect/lib/python3.9/site-packages/websockets/client.py", line 142, in process_response
    raise InvalidStatus(response)
websockets.exceptions.InvalidStatus: server rejected WebSocket connection: HTTP 200

--------------------------------------------------------------------------------
[2025-11-12 16:32:31] [ERROR] Robot A: 操作异常 - WebSocket连接
异常详情:
Traceback (most recent call last):
  File "/home/zhangziwei/Code/robot_connect/robot_controller.py", line 179, in _async_connect
    self.websocket = await websockets.connect(
  File "/home/zhangziwei/anaconda3/envs/robot_connect/lib/python3.9/site-packages/websockets/asyncio/client.py", line 543, in __await_impl__
    await self.connection.handshake(
  File "/home/zhangziwei/anaconda3/envs/robot_connect/lib/python3.9/site-packages/websockets/asyncio/client.py", line 114, in handshake
    raise self.protocol.handshake_exc
  File "/home/zhangziwei/anaconda3/envs/robot_connect/lib/python3.9/site-packages/websockets/client.py", line 325, in parse
    self.process_response(response)
  File "/home/zhangziwei/anaconda3/envs/robot_connect/lib/python3.9/site-packages/websockets/client.py", line 142, in process_response
    raise InvalidStatus(response)
websockets.exceptions.InvalidStatus: server rejected WebSocket connection: HTTP 200

During handling of the above exception, another exception occurred:

Traceback (most recent call last):
  File "/home/zhangziwei/Code/robot_connect/robot_controller.py", line 189, in _async_connect
    self.websocket = await websockets.connect(
  File "/home/zhangziwei/anaconda3/envs/robot_connect/lib/python3.9/site-packages/websockets/asyncio/client.py", line 543, in __await_impl__
    await self.connection.handshake(
  File "/home/zhangziwei/anaconda3/envs/robot_connect/lib/python3.9/site-packages/websockets/asyncio/client.py", line 114, in handshake
    raise self.protocol.handshake_exc
  File "/home/zhangziwei/anaconda3/envs/robot_connect/lib/python3.9/site-packages/websockets/client.py", line 325, in parse
    self.process_response(response)
  File "/home/zhangziwei/anaconda3/envs/robot_connect/lib/python3.9/site-packages/websockets/client.py", line 142, in process_response
    raise InvalidStatus(response)
websockets.exceptions.InvalidStatus: server rejected WebSocket connection: HTTP 200

--------------------------------------------------------------------------------
