================================================================================
机器人控制系统错误日志
启动时间: 2025-12-24 18:09:44
================================================================================

[2025-12-24 18:09:44] [INFO] 系统: 机器人控制系统启动
--------------------------------------------------------------------------------
[2025-12-24 18:09:44] [INFO] 存储管理器: 存储状态已重置为默认值
--------------------------------------------------------------------------------
[2025-12-24 18:09:44] [INFO] 存储管理器: 存储状态已保存到: storage_state.json
--------------------------------------------------------------------------------
[2025-12-24 18:09:44] [INFO] 存储管理器: 存储状态已重置并保存
--------------------------------------------------------------------------------
[2025-12-24 18:09:44] [INFO] 系统: 暂存区状态已重置
--------------------------------------------------------------------------------
[2025-12-24 18:09:44] [INFO] 系统: 启动HTTP服务器模式
--------------------------------------------------------------------------------
[2025-12-24 18:09:44] [INFO] HTTP服务器: 命令回调函数已设置
--------------------------------------------------------------------------------
[2025-12-24 18:09:44] [INFO] 状态机: 任务状态机已初始化
--------------------------------------------------------------------------------
[2025-12-24 18:09:44] [INFO] 命令处理器: 命令处理器初始化完成，管理 0 台机器人
--------------------------------------------------------------------------------
[2025-12-24 18:09:44] [INFO] HTTP服务器: HTTP服务器启动成功: 0.0.0.0:8090
--------------------------------------------------------------------------------
[2025-12-24 18:09:44] [INFO] HTTP服务器: 开始监听HTTP请求...
--------------------------------------------------------------------------------
[2025-12-24 18:09:44] [INFO] 系统: 程序进入休眠状态，等待START_WORKING命令
--------------------------------------------------------------------------------
[2025-12-24 18:09:49] [INFO] HTTP服务器: 收到命令: START_WORKING (ID: START_WORKING_001)
--------------------------------------------------------------------------------
[2025-12-24 18:09:49] [INFO] 命令处理器: 收到命令: START_WORKING (ID: START_WORKING_001)
--------------------------------------------------------------------------------
[2025-12-24 18:09:49] [INFO] 命令处理器: 收到START_WORKING命令，程序激活
--------------------------------------------------------------------------------
[2025-12-24 18:09:49] [INFO] HTTP服务器: 命令执行完成: True
--------------------------------------------------------------------------------
[2025-12-24 18:09:49] [INFO] 系统: 已接收START_WORKING命令，开始连接机器人
--------------------------------------------------------------------------------
[2025-12-24 18:09:49] [INFO] HTTP服务器: HTTP请求: "POST / HTTP/1.1" 200 -
--------------------------------------------------------------------------------
[2025-12-24 18:09:49] [ERROR] Robot A: 操作异常 - WebSocket连接
异常详情:
Traceback (most recent call last):
  File "/home/zhangziwei/Code/robot_connect/robot_controller.py", line 192, in _async_connect
    self.websocket = await websockets.connect(
  File "/home/zhangziwei/anaconda3/envs/robot_connect/lib/python3.9/site-packages/websockets/asyncio/client.py", line 541, in __await_impl__
    self.connection = await self.create_connection()
  File "/home/zhangziwei/anaconda3/envs/robot_connect/lib/python3.9/site-packages/websockets/asyncio/client.py", line 467, in create_connection
    _, connection = await loop.create_connection(factory, **kwargs)
  File "/home/zhangziwei/anaconda3/envs/robot_connect/lib/python3.9/asyncio/base_events.py", line 1065, in create_connection
    raise exceptions[0]
  File "/home/zhangziwei/anaconda3/envs/robot_connect/lib/python3.9/asyncio/base_events.py", line 1050, in create_connection
    sock = await self._connect_sock(
  File "/home/zhangziwei/anaconda3/envs/robot_connect/lib/python3.9/asyncio/base_events.py", line 961, in _connect_sock
    await self.sock_connect(sock, address)
  File "/home/zhangziwei/anaconda3/envs/robot_connect/lib/python3.9/asyncio/selector_events.py", line 500, in sock_connect
    return await fut
  File "/home/zhangziwei/anaconda3/envs/robot_connect/lib/python3.9/asyncio/selector_events.py", line 535, in _sock_connect_cb
    raise OSError(err, f'Connect call failed {address}')
ConnectionRefusedError: [Errno 111] Connect call failed ('172.16.10.231', 9090)

During handling of the above exception, another exception occurred:

Traceback (most recent call last):
  File "/home/zhangziwei/Code/robot_connect/robot_controller.py", line 202, in _async_connect
    self.websocket = await websockets.connect(
  File "/home/zhangziwei/anaconda3/envs/robot_connect/lib/python3.9/site-packages/websockets/asyncio/client.py", line 541, in __await_impl__
    self.connection = await self.create_connection()
  File "/home/zhangziwei/anaconda3/envs/robot_connect/lib/python3.9/site-packages/websockets/asyncio/client.py", line 467, in create_connection
    _, connection = await loop.create_connection(factory, **kwargs)
  File "/home/zhangziwei/anaconda3/envs/robot_connect/lib/python3.9/asyncio/base_events.py", line 1065, in create_connection
    raise exceptions[0]
  File "/home/zhangziwei/anaconda3/envs/robot_connect/lib/python3.9/asyncio/base_events.py", line 1050, in create_connection
    sock = await self._connect_sock(
  File "/home/zhangziwei/anaconda3/envs/robot_connect/lib/python3.9/asyncio/base_events.py", line 961, in _connect_sock
    await self.sock_connect(sock, address)
  File "/home/zhangziwei/anaconda3/envs/robot_connect/lib/python3.9/asyncio/selector_events.py", line 500, in sock_connect
    return await fut
  File "/home/zhangziwei/anaconda3/envs/robot_connect/lib/python3.9/asyncio/selector_events.py", line 535, in _sock_connect_cb
    raise OSError(err, f'Connect call failed {address}')
ConnectionRefusedError: [Errno 111] Connect call failed ('172.16.10.231', 9090)

--------------------------------------------------------------------------------
[2025-12-24 18:10:04] [INFO] Robot A: 连接成功 - 172.16.10.231:9090 (第2次尝试)
--------------------------------------------------------------------------------
[2025-12-24 18:10:04] [INFO] 系统: robot_a 连接成功
--------------------------------------------------------------------------------
[2025-12-24 18:10:04] [INFO] 命令处理器: 命令处理器初始化完成，管理 1 台机器人
--------------------------------------------------------------------------------
[2025-12-24 18:10:04] [INFO] 系统: 命令处理器已重新初始化
--------------------------------------------------------------------------------
[2025-12-24 18:10:09] [INFO] HTTP服务器: 收到命令: SCAN_QRCODE (ID: SCAN_QRCODE_001)
--------------------------------------------------------------------------------
[2025-12-24 18:10:09] [INFO] 命令处理器: 收到命令: SCAN_QRCODE (ID: SCAN_QRCODE_001)
--------------------------------------------------------------------------------
[2025-12-24 18:10:09] [INFO] 命令处理器: 开始SCAN_QRCODE任务: SCAN_QRCODE_001, 使用机器人: robot_a
--------------------------------------------------------------------------------
[2025-12-24 18:10:09] [INFO] 状态机: 任务开始: SCAN_QRCODE_001, 机器人: robot_a
--------------------------------------------------------------------------------
[2025-12-24 18:10:09] [INFO] 命令处理器: 任务 SCAN_QRCODE_001 开始执行 (机器人: robot_a)
--------------------------------------------------------------------------------
[2025-12-24 18:10:09] [INFO] HTTP服务器: 命令执行完成: True
--------------------------------------------------------------------------------
[2025-12-24 18:10:09] [INFO] 命令处理器: 订阅 /navigation_status topic
--------------------------------------------------------------------------------
[2025-12-24 18:10:09] [INFO] HTTP服务器: HTTP请求: "POST / HTTP/1.1" 200 -
--------------------------------------------------------------------------------
[2025-12-24 18:10:09] [INFO] 状态机: 步骤更新: 视觉检测瓶子 - 视觉检测瓶子
--------------------------------------------------------------------------------
[2025-12-24 18:10:09] [ERROR] Robot A: 操作异常 - 异步通信
异常详情:
Traceback (most recent call last):
  File "/home/zhangziwei/Code/robot_connect/robot_controller.py", line 366, in _async_send_and_receive
    finish_value = values.get("finish", False)
AttributeError: 'str' object has no attribute 'get'

--------------------------------------------------------------------------------
[2025-12-24 18:10:09] [ERROR] Robot A: 请求失败 - service=/get_strawberry_service, action=cv_detect - 原因: 机器人返回失败
--------------------------------------------------------------------------------
[2025-12-24 18:10:09] [ERROR] 命令处理器: 操作异常 - 任务 SCAN_QRCODE_001 执行异常
异常详情:
Traceback (most recent call last):
  File "/home/zhangziwei/Code/robot_connect/cmd_handler.py", line 513, in _execute_scan_qrcode_async
    cv_detect_result, object_pose, object_type = robot.send_service_request(
TypeError: cannot unpack non-iterable bool object

--------------------------------------------------------------------------------
[2025-12-24 18:10:09] [ERROR] 状态机: 任务错误: 执行异常: cannot unpack non-iterable bool object
--------------------------------------------------------------------------------
[2025-12-24 18:10:09] [INFO] 命令处理器: 取消订阅 /navigation_status topic
--------------------------------------------------------------------------------
[2025-12-24 18:10:16] [INFO] HTTP服务器: 正在停止HTTP服务器...
--------------------------------------------------------------------------------
[2025-12-24 18:10:16] [INFO] HTTP服务器: HTTP服务器已停止
--------------------------------------------------------------------------------
[2025-12-24 18:10:16] [INFO] 系统: 开始清理资源
--------------------------------------------------------------------------------
[2025-12-24 18:10:16] [INFO] 系统: 暂存区状态已保存
--------------------------------------------------------------------------------
[2025-12-24 18:10:16] [INFO] 系统: 机器人控制系统已停止
--------------------------------------------------------------------------------
